<?xml version="1.0" encoding="UTF-8"?>
<!-- Generated by org.testng.reporters.JUnitXMLReporter -->
<testsuite ignored="1" hostname="selenium22" failures="1" tests="1" name="ModuleOneTest(failed)" time="8.319" errors="0" timestamp="2024-12-12T12:57:33 IST">
  <testcase classname="testScript.GoogleTestSearch" name="javaTutorial" time="4.012">
    <failure type="java.lang.AssertionError" message="expected [Java Tutorial - Google Search Page] but found [Java Tutorial - Google Search]">
      <![CDATA[java.lang.AssertionError: expected [Java Tutorial - Google Search Page] but found [Java Tutorial - Google Search]
at testScript.GoogleTestSearch.javaTutorial(GoogleTestSearch.java:39)
at java.base/java.util.ArrayList.forEach(ArrayList.java:1511)
... Removed 33 stack frames]]>
    </failure>
  </testcase> <!-- javaTutorial -->
  <testcase classname="testScript.GoogleTestSearch" name="seleniumTutorial" time="0.0">
    <ignored/>
  </testcase> <!-- seleniumTutorial -->
</testsuite> <!-- ModuleOneTest(failed) -->
