<?xml version="1.0" encoding="UTF-8"?>
<!-- Generated by org.testng.reporters.JUnitXMLReporter -->
<testsuite ignored="0" hostname="selenium22" failures="0" tests="11" name="ModuleOneTest" time="0.173" errors="0" timestamp="2024-12-13T13:18:40 IST">
  <testcase classname="parallelScript.SampleTwoTest" name="testFour" time="0.014"/>
  <testcase classname="parallelScript.SamplOneTest$LoginTest$SampleOneTest" name="testFour" time="0.014"/>
  <testcase classname="parallelScript.SampleTwoTest" name="testOne" time="0.013"/>
  <testcase classname="parallelScript.SampleTwoTest" name="testThree" time="0.002"/>
  <testcase classname="parallelScript.SamplOneTest$LoginTest$SampleOneTest" name="testOne" time="0.011"/>
  <testcase classname="parallelScript.SamplOneTest$LoginTest$SampleOneTest" name="testOne" time="0.014"/>
  <testcase classname="parallelScript.SampleTwoTest" name="testTwo" time="0.003"/>
  <testcase classname="parallelScript.SamplOneTest$LoginTest$SampleOneTest" name="testOne" time="0.011"/>
  <testcase classname="parallelScript.SamplOneTest$LoginTest$SampleOneTest" name="testOne" time="0.005"/>
  <testcase classname="parallelScript.SamplOneTest$LoginTest$SampleOneTest" name="testThree" time="0.003"/>
  <testcase classname="parallelScript.SamplOneTest$LoginTest$SampleOneTest" name="testTwo" time="0.002"/>
</testsuite> <!-- ModuleOneTest -->
