<?xml version="1.0" encoding="UTF-8"?>
<!-- Generated by org.testng.reporters.JUnitXMLReporter -->
<testsuite ignored="1" hostname="selenium22" failures="0" tests="3" name="Default test" time="15.457" errors="0" timestamp="2024-12-12T13:16:37 IST">
  <testcase classname="testScript.GoogleTestSearch" name="javaTutorial" time="4.388"/>
  <testcase classname="testScript.GoogleTestSearch" name="cucumberTutorial" time="3.71"/>
  <testcase classname="testScript.GoogleTestSearch" name="seleniumTutorial" time="3.933"/>
  <testcase classname="testScript.GoogleTestSearch" name="appiumTutorial" time="0.0">
    <ignored/>
  </testcase> <!-- appiumTutorial -->
</testsuite> <!-- Default test -->
