<?xml version="1.0" encoding="UTF-8"?>
<!-- Generated by org.testng.reporters.JUnitXMLReporter -->
<testsuite ignored="0" hostname="selenium22" failures="0" tests="7" name="Default test" time="0.233" errors="0" timestamp="2024-12-13T13:20:20 IST">
  <testcase classname="parallelScript.SamplOneTest$LoginTest$SampleOneTest" name="testFour" time="0.022"/>
  <testcase classname="parallelScript.SamplOneTest$LoginTest$SampleOneTest" name="testOne" time="0.019"/>
  <testcase classname="parallelScript.SamplOneTest$LoginTest$SampleOneTest" name="testOne" time="0.02"/>
  <testcase classname="parallelScript.SamplOneTest$LoginTest$SampleOneTest" name="testOne" time="0.01"/>
  <testcase classname="parallelScript.SamplOneTest$LoginTest$SampleOneTest" name="testOne" time="0.012"/>
  <testcase classname="parallelScript.SamplOneTest$LoginTest$SampleOneTest" name="testThree" time="0.006"/>
  <testcase classname="parallelScript.SamplOneTest$LoginTest$SampleOneTest" name="testTwo" time="0.01"/>
</testsuite> <!-- Default test -->
