<?xml version="1.0" encoding="UTF-8"?>
<!-- Generated by org.testng.reporters.JUnitXMLReporter -->
<testsuite ignored="2" hostname="selenium22" failures="0" tests="1" name="Default test" time="10.071" errors="0" timestamp="2024-12-14T15:28:14 IST">
  <testcase classname="Tasks.Parry_Hotter_Project.DisplayWeb" name="addToCart" time="6.36"/>
  <testcase classname="Tasks.Parry_Hotter_Project.DisplayWeb" name="signup" time="0.0">
    <ignored/>
  </testcase> <!-- signup -->
  <testcase classname="Tasks.Parry_Hotter_Project.DisplayWeb" name="search" time="0.0">
    <ignored/>
  </testcase> <!-- search -->
</testsuite> <!-- Default test -->
