<?xml version="1.0" encoding="UTF-8"?>
<testng-results ignored="0" total="3" passed="3" failed="0" skipped="0">
  <reporter-output>
  </reporter-output>
  <suite started-at="2024-12-19T11:29:37 IST" name="Default suite" finished-at="2024-12-19T11:29:40 IST" duration-ms="2613">
    <groups>
    </groups>
    <test started-at="2024-12-19T11:29:37 IST" name="Default test" finished-at="2024-12-19T11:29:40 IST" duration-ms="2613">
      <class name="TestScript.PlaceOrderTest">
        <test-method is-config="true" signature="setup()[pri:0, instance:TestScript.PlaceOrderTest@332a7fce]" started-at="2024-12-19T11:29:37 IST" name="setup" finished-at="2024-12-19T11:29:38 IST" duration-ms="607" status="PASS">
          <reporter-output>
          </reporter-output>
        </test-method> <!-- setup -->
        <test-method signature="loginTest()[pri:1, instance:TestScript.PlaceOrderTest@332a7fce]" started-at="2024-12-19T11:29:38 IST" name="loginTest" finished-at="2024-12-19T11:29:39 IST" duration-ms="615" status="PASS">
          <reporter-output>
          </reporter-output>
        </test-method> <!-- loginTest -->
        <test-method signature="addItemTest()[pri:2, instance:TestScript.PlaceOrderTest@332a7fce]" started-at="2024-12-19T11:29:39 IST" name="addItemTest" finished-at="2024-12-19T11:29:39 IST" duration-ms="437" status="PASS">
          <reporter-output>
          </reporter-output>
        </test-method> <!-- addItemTest -->
        <test-method signature="checkOutPageCart()[pri:3, instance:TestScript.PlaceOrderTest@332a7fce]" started-at="2024-12-19T11:29:39 IST" name="checkOutPageCart" finished-at="2024-12-19T11:29:40 IST" duration-ms="880" status="PASS">
          <reporter-output>
          </reporter-output>
        </test-method> <!-- checkOutPageCart -->
      </class> <!-- TestScript.PlaceOrderTest -->
    </test> <!-- Default test -->
  </suite> <!-- Default suite -->
</testng-results>
