<?xml version="1.0" encoding="UTF-8"?>
<testng-results ignored="0" total="1" passed="1" failed="0" skipped="0">
  <reporter-output>
  </reporter-output>
  <suite started-at="2024-12-14T15:43:58 IST" name="Default suite" finished-at="2024-12-14T15:44:19 IST" duration-ms="20613">
    <groups>
    </groups>
    <test started-at="2024-12-14T15:43:58 IST" name="Default test" finished-at="2024-12-14T15:44:19 IST" duration-ms="20613">
      <class name="Tasks.Parry_Hotter_Project.DisplayWeb">
        <test-method is-config="true" signature="setup()[pri:0, instance:Tasks.Parry_Hotter_Project.DisplayWeb@4d5650ae]" started-at="2024-12-14T15:43:58 IST" name="setup" finished-at="2024-12-14T15:44:02 IST" duration-ms="3968" status="PASS">
          <reporter-output>
          </reporter-output>
        </test-method> <!-- setup -->
        <test-method signature="addToCart()[pri:0, instance:Tasks.Parry_Hotter_Project.DisplayWeb@4d5650ae]" started-at="2024-12-14T15:44:02 IST" name="addToCart" finished-at="2024-12-14T15:44:19 IST" duration-ms="16515" status="PASS">
          <reporter-output>
          </reporter-output>
        </test-method> <!-- addToCart -->
      </class> <!-- Tasks.Parry_Hotter_Project.DisplayWeb -->
    </test> <!-- Default test -->
  </suite> <!-- Default suite -->
</testng-results>
