<?xml version="1.0" encoding="UTF-8"?>
<!-- Generated by org.testng.reporters.JUnitXMLReporter -->
<testsuite ignored="0" hostname="selenium22" failures="0" tests="3" name="Default test" time="2.613" errors="0" timestamp="2024-12-19T11:29:40 IST">
  <testcase classname="TestScript.PlaceOrderTest" name="loginTest" time="0.615"/>
  <testcase classname="TestScript.PlaceOrderTest" name="addItemTest" time="0.437"/>
  <testcase classname="TestScript.PlaceOrderTest" name="checkOutPageCart" time="0.88"/>
</testsuite> <!-- Default test -->
