<?xml version="1.0" encoding="UTF-8"?>
<testng-results ignored="0" total="1" passed="1" failed="0" skipped="0">
  <reporter-output>
  </reporter-output>
  <suite started-at="2024-12-10T10:41:39 IST" name="Default suite" finished-at="2024-12-10T10:41:44 IST" duration-ms="4873">
    <groups>
    </groups>
    <test started-at="2024-12-10T10:41:39 IST" name="Default test" finished-at="2024-12-10T10:41:44 IST" duration-ms="4873">
      <class name="testScript.Sample">
        <test-method signature="seleniumTest()[pri:0, instance:testScript.Sample@67c33749]" started-at="2024-12-10T10:41:39 IST" name="seleniumTest" finished-at="2024-12-10T10:41:44 IST" duration-ms="4781" status="PASS">
          <reporter-output>
          </reporter-output>
        </test-method> <!-- seleniumTest -->
      </class> <!-- testScript.Sample -->
    </test> <!-- Default test -->
  </suite> <!-- Default suite -->
</testng-results>
